<?xml version="1.0" encoding="UTF-8"?>
<!-- Generated by org.testng.reporters.JUnitReportReporter -->
<testsuite hostname="DESKTOP-05FCO2V" failures="0" tests="1" name="com.ibm.Tests.AdminTest" time="7.423" errors="0" timestamp="2022-11-11T15:05:05 IST" skipped="0">
  <testcase classname="com.ibm.Tests.AdminTest" name="TC_111" time="7.423"/>
  <system-out/>
</testsuite> <!-- com.ibm.Tests.AdminTest -->
