<?xml version="1.0" encoding="UTF-8"?>
<!-- Generated by org.testng.reporters.JUnitReportReporter -->
<testsuite hostname="DESKTOP-05FCO2V" failures="0" tests="1" name="com.abc.Tests.LandingPageFactoryTest" time="6.365" errors="0" timestamp="2022-11-12T13:42:06 IST" skipped="0">
  <testcase classname="com.abc.Tests.LandingPageFactoryTest" name="TC_002" time="6.365"/>
  <system-out/>
</testsuite> <!-- com.abc.Tests.LandingPageFactoryTest -->
