<?xml version="1.0" encoding="UTF-8"?>
<!-- Generated by org.testng.reporters.JUnitReportReporter -->
<testsuite hostname="DESKTOP-05FCO2V" failures="0" tests="1" name="com.abc.Tests.LandingByTest" time="10.248" errors="0" timestamp="2022-11-12T12:49:20 IST" skipped="0">
  <testcase classname="com.abc.Tests.LandingByTest" name="TC_002" time="10.248"/>
  <system-out/>
</testsuite> <!-- com.abc.Tests.LandingByTest -->
