<?xml version="1.0" encoding="UTF-8"?>
<!-- Generated by org.testng.reporters.JUnitReportReporter -->
<testsuite hostname="DESKTOP-05FCO2V" failures="0" tests="1" name="com.ibm.Tests.LoginTest" time="7.342" errors="0" timestamp="2022-11-11T22:24:25 IST" skipped="0">
  <testcase classname="com.ibm.Tests.LoginTest" name="TC_001" time="7.342"/>
  <system-out/>
</testsuite> <!-- com.ibm.Tests.LoginTest -->
